<?xml version="1.0" encoding="utf-8" standalone="no"?>
<test-results xmlns:xsi="http://www.w3.org/2001/XMLSchema-instance" xsi:noNamespaceSchemaLocation="nunit_schema_2.5.xsd" name="Pester" total="99" errors="0" failures="0" not-run="0" inconclusive="0" ignored="0" skipped="0" invalid="0" date="2026-08-27" time="06:33:16">
  <environment cwd="C:\Users\zentala\code\oh-my-stats" machine-name="MATX" os-version="10.0.26200" user-domain="mATX" nunit-version="2.5.8.0" clr-version="10.0.11" user="zentala" platform="Microsoft Windows 11 Pro|C:\WINDOWS|\Device\Harddisk0\Partition3" />
  <culture-info current-culture="pl-PL" current-uiculture="pl-PL" />
  <test-suite type="TestFixture" name="Pester" executed="True" result="Success" success="True" time="17.6918" asserts="0" description="Pester">
    <results>
      <test-suite type="TestFixture" name="C:\Users\zentala\code\oh-my-stats\tests\pwsh\cpu-detection.Tests.ps1" executed="True" result="Success" success="True" time="2.2699" asserts="0" description="C:\Users\zentala\code\oh-my-stats\tests\pwsh\cpu-detection.Tests.ps1">
        <results>
          <test-suite type="TestFixture" name="CPU Detection from Fixtures" executed="True" result="Success" success="True" time="0.7748" asserts="0" description="CPU Detection from Fixtures">
            <results>
              <test-suite type="TestFixture" name="CPU Detection from Fixtures.CPU Specs Extraction" executed="True" result="Success" success="True" time="0.714" asserts="0" description="CPU Detection from Fixtures.CPU Specs Extraction">
                <results>
                  <test-case description="Should extract cores and threads correctly" name="CPU Detection from Fixtures.CPU Specs Extraction.Should extract cores and threads correctly" time="0.5947" asserts="0" success="True" result="Success" executed="True" />
                </results>
              </test-suite>
            </results>
          </test-suite>
          <test-suite type="TestFixture" name="CPU Edge Cases" executed="True" result="Success" success="True" time="0.9627" asserts="0" description="CPU Edge Cases">
            <results>
              <test-suite type="TestFixture" name="CPU Edge Cases.Invalid or Missing Data" executed="True" result="Success" success="True" time="0.0924" asserts="0" description="CPU Edge Cases.Invalid or Missing Data">
                <results>
                  <test-case description="Should handle empty CPU name" name="CPU Edge Cases.Invalid or Missing Data.Should handle empty CPU name" time="0.0227" asserts="0" success="True" result="Success" executed="True" />
                  <test-case description="Should handle null CPU name" name="CPU Edge Cases.Invalid or Missing Data.Should handle null CPU name" time="0.029" asserts="0" success="True" result="Success" executed="True" />
                  <test-case description="Should truncate very long CPU names" name="CPU Edge Cases.Invalid or Missing Data.Should truncate very long CPU names" time="0.0306" asserts="0" success="True" result="Success" executed="True" />
                </results>
              </test-suite>
              <test-suite type="TestFixture" name="CPU Edge Cases.Vendor-Specific Patterns" executed="True" result="Success" success="True" time="0.1775" asserts="0" description="CPU Edge Cases.Vendor-Specific Patterns">
                <results>
                  <test-case description="Should detect Intel Core i-series" name="CPU Edge Cases.Vendor-Specific Patterns.Should detect Intel Core i-series" time="0.0207" asserts="0" success="True" result="Success" executed="True" />
                  <test-case description="Should detect AMD Ryzen series" name="CPU Edge Cases.Vendor-Specific Patterns.Should detect AMD Ryzen series" time="0.0175" asserts="0" success="True" result="Success" executed="True" />
                  <test-case description="Should detect AMD Ryzen PRO series" name="CPU Edge Cases.Vendor-Specific Patterns.Should detect AMD Ryzen PRO series" time="0.0173" asserts="0" success="True" result="Success" executed="True" />
                  <test-case description="Should detect Intel Xeon series" name="CPU Edge Cases.Vendor-Specific Patterns.Should detect Intel Xeon series" time="0.02" asserts="0" success="True" result="Success" executed="True" />
                </results>
              </test-suite>
            </results>
          </test-suite>
        </results>
      </test-suite>
      <test-suite type="TestFixture" name="C:\Users\zentala\code\oh-my-stats\tests\pwsh\helper-functions.Tests.ps1" executed="True" result="Success" success="True" time="1.0481" asserts="0" description="C:\Users\zentala\code\oh-my-stats\tests\pwsh\helper-functions.Tests.ps1">
        <results>
          <test-suite type="TestFixture" name="Draw-ProgressBar" executed="True" result="Success" success="True" time="0.4995" asserts="0" description="Draw-ProgressBar">
            <results>
              <test-suite type="TestFixture" name="Draw-ProgressBar.Basic functionality" executed="True" result="Success" success="True" time="0.1507" asserts="0" description="Draw-ProgressBar.Basic functionality">
                <results>
                  <test-case description="Should return a string" name="Draw-ProgressBar.Basic functionality.Should return a string" time="0.094" asserts="0" success="True" result="Success" executed="True" />
                  <test-case description="Should have correct length (50 chars + ANSI codes)" name="Draw-ProgressBar.Basic functionality.Should have correct length (50 chars + ANSI codes)" time="0.0265" asserts="0" success="True" result="Success" executed="True" />
                  <test-case description="Should respect custom width" name="Draw-ProgressBar.Basic functionality.Should respect custom width" time="0.0212" asserts="0" success="True" result="Success" executed="True" />
                </results>
              </test-suite>
              <test-suite type="TestFixture" name="Draw-ProgressBar.Progress bar fill levels" executed="True" result="Success" success="True" time="0.2617" asserts="0" description="Draw-ProgressBar.Progress bar fill levels">
                <results>
                  <test-case description="Should show empty bar at 0%" name="Draw-ProgressBar.Progress bar fill levels.Should show empty bar at 0%" time="0.0224" asserts="0" success="True" result="Success" executed="True" />
                  <test-case description="Should show half-full bar at 50%" name="Draw-ProgressBar.Progress bar fill levels.Should show half-full bar at 50%" time="0.0217" asserts="0" success="True" result="Success" executed="True" />
                  <test-case description="Should show full bar at 100%" name="Draw-ProgressBar.Progress bar fill levels.Should show full bar at 100%" time="0.0358" asserts="0" success="True" result="Success" executed="True" />
                  <test-case description="Should round down fractional fills" name="Draw-ProgressBar.Progress bar fill levels.Should round down fractional fills" time="0.0197" asserts="0" success="True" result="Success" executed="True" />
                </results>
              </test-suite>
              <test-suite type="TestFixture" name="Draw-ProgressBar.Color coding based on percentage" executed="True" result="Success" success="True" time="0.4468" asserts="0" description="Draw-ProgressBar.Color coding based on percentage">
                <results>
                  <test-case description="Should be Green for low usage (&lt;60%)" name="Draw-ProgressBar.Color coding based on percentage.Should be Green for low usage (&lt;60%)" time="0.0487" asserts="0" success="True" result="Success" executed="True" />
                  <test-case description="Should be Green at exactly 59%" name="Draw-ProgressBar.Color coding based on percentage.Should be Green at exactly 59%" time="0.0185" asserts="0" success="True" result="Success" executed="True" />
                  <test-case description="Should be Yellow for medium usage (60-79%)" name="Draw-ProgressBar.Color coding based on percentage.Should be Yellow for medium usage (60-79%)" time="0.019" asserts="0" success="True" result="Success" executed="True" />
                  <test-case description="Should be Yellow at exactly 60%" name="Draw-ProgressBar.Color coding based on percentage.Should be Yellow at exactly 60%" time="0.019" asserts="0" success="True" result="Success" executed="True" />
                  <test-case description="Should be Yellow at exactly 79%" name="Draw-ProgressBar.Color coding based on percentage.Should be Yellow at exactly 79%" time="0.0211" asserts="0" success="True" result="Success" executed="True" />
                  <test-case description="Should be Red for high usage (&gt;=80%)" name="Draw-ProgressBar.Color coding based on percentage.Should be Red for high usage (&gt;=80%)" time="0.017" asserts="0" success="True" result="Success" executed="True" />
                  <test-case description="Should be Red at exactly 80%" name="Draw-ProgressBar.Color coding based on percentage.Should be Red at exactly 80%" time="0.0157" asserts="0" success="True" result="Success" executed="True" />
                  <test-case description="Should be Red at 100%" name="Draw-ProgressBar.Color coding based on percentage.Should be Red at 100%" time="0.0175" asserts="0" success="True" result="Success" executed="True" />
                </results>
              </test-suite>
              <test-suite type="TestFixture" name="Draw-ProgressBar.Edge cases" executed="True" result="Success" success="True" time="0.4916" asserts="0" description="Draw-ProgressBar.Edge cases">
                <results>
                  <test-case description="Should handle negative percentages as 0%" name="Draw-ProgressBar.Edge cases.Should handle negative percentages as 0%" time="0.0197" asserts="0" success="True" result="Success" executed="True" />
                  <test-case description="Should handle percentages over 100%" name="Draw-ProgressBar.Edge cases.Should handle percentages over 100%" time="0.018" asserts="0" success="True" result="Success" executed="True" />
                </results>
              </test-suite>
            </results>
          </test-suite>
          <test-suite type="TestFixture" name="Get-Icon" executed="True" result="Success" success="True" time="0.7523" asserts="0" description="Get-Icon">
            <results>
              <test-suite type="TestFixture" name="Get-Icon.Small hex codes (&lt;=0xFFFF)" executed="True" result="Success" success="True" time="0.1001" asserts="0" description="Get-Icon.Small hex codes (&lt;=0xFFFF)">
                <results>
                  <test-case description="Should convert small hex using [char]" name="Get-Icon.Small hex codes (&lt;=0xFFFF).Should convert small hex using [char]" time="0.0384" asserts="0" success="True" result="Success" executed="True" />
                  <test-case description="Should handle standard Unicode (0x2764 = ❤)" name="Get-Icon.Small hex codes (&lt;=0xFFFF).Should handle standard Unicode (0x2764 = ❤)" time="0.0205" asserts="0" success="True" result="Success" executed="True" />
                  <test-case description="Should handle ASCII range (0x0041 = A)" name="Get-Icon.Small hex codes (&lt;=0xFFFF).Should handle ASCII range (0x0041 = A)" time="0.0202" asserts="0" success="True" result="Success" executed="True" />
                </results>
              </test-suite>
              <test-suite type="TestFixture" name="Get-Icon.Large hex codes (&gt;0xFFFF)" executed="True" result="Success" success="True" time="0.1501" asserts="0" description="Get-Icon.Large hex codes (&gt;0xFFFF)">
                <results>
                  <test-case description="Should convert large hex using ConvertFromUtf32" name="Get-Icon.Large hex codes (&gt;0xFFFF).Should convert large hex using ConvertFromUtf32" time="0.0211" asserts="0" success="True" result="Success" executed="True" />
                  <test-case description="Should handle emoji range correctly" name="Get-Icon.Large hex codes (&gt;0xFFFF).Should handle emoji range correctly" time="0.0203" asserts="0" success="True" result="Success" executed="True" />
                </results>
              </test-suite>
              <test-suite type="TestFixture" name="Get-Icon.Nerd Fonts range" executed="True" result="Success" success="True" time="0.1938" asserts="0" description="Get-Icon.Nerd Fonts range">
                <results>
                  <test-case description="Should handle Nerd Fonts icons (0xF17A = Windows icon)" name="Get-Icon.Nerd Fonts range.Should handle Nerd Fonts icons (0xF17A = Windows icon)" time="0.019" asserts="0" success="True" result="Success" executed="True" />
                  <test-case description="Should handle Nerd Fonts Material Design icons" name="Get-Icon.Nerd Fonts range.Should handle Nerd Fonts Material Design icons" time="0.0167" asserts="0" success="True" result="Success" executed="True" />
                </results>
              </test-suite>
              <test-suite type="TestFixture" name="Get-Icon.Edge cases" executed="True" result="Success" success="True" time="0.2446" asserts="0" description="Get-Icon.Edge cases">
                <results>
                  <test-case description="Should handle hex string with 0x prefix" name="Get-Icon.Edge cases.Should handle hex string with 0x prefix" time="0.0174" asserts="0" success="True" result="Success" executed="True" />
                  <test-case description="Should handle decimal string (implicit conversion)" name="Get-Icon.Edge cases.Should handle decimal string (implicit conversion)" time="0.0265" asserts="0" success="True" result="Success" executed="True" />
                </results>
              </test-suite>
            </results>
          </test-suite>
        </results>
      </test-suite>
      <test-suite type="TestFixture" name="C:\Users\zentala\code\oh-my-stats\tests\pwsh\oh-my-stats.Tests.ps1" executed="True" result="Success" success="True" time="8.0606" asserts="0" description="C:\Users\zentala\code\oh-my-stats\tests\pwsh\oh-my-stats.Tests.ps1">
        <results>
          <test-suite type="TestFixture" name="oh-my-stats Module" executed="True" result="Success" success="True" time="7.7593" asserts="0" description="oh-my-stats Module">
            <results>
              <test-suite type="TestFixture" name="oh-my-stats Module.Module Loading" executed="True" result="Success" success="True" time="0.2869" asserts="0" description="oh-my-stats Module.Module Loading">
                <results>
                  <test-case description="Should import without errors" name="oh-my-stats Module.Module Loading.Should import without errors" time="0.0477" asserts="0" success="True" result="Success" executed="True" />
                  <test-case description="Should export Show-SystemStats function" name="oh-my-stats Module.Module Loading.Should export Show-SystemStats function" time="0.025" asserts="0" success="True" result="Success" executed="True" />
                  <test-case description="Should have valid manifest" name="oh-my-stats Module.Module Loading.Should have valid manifest" time="0.2073" asserts="0" success="True" result="Success" executed="True" />
                </results>
              </test-suite>
              <test-suite type="TestFixture" name="oh-my-stats Module.Show-SystemStats Function" executed="True" result="Success" success="True" time="4.1859" asserts="0" description="oh-my-stats Module.Show-SystemStats Function">
                <results>
                  <test-case description="Should execute without errors" name="oh-my-stats Module.Show-SystemStats Function.Should execute without errors" time="3.4732" asserts="0" success="True" result="Success" executed="True" />
                  <test-case description="Should accept -Compact parameter" name="oh-my-stats Module.Show-SystemStats Function.Should accept -Compact parameter" time="0.2041" asserts="0" success="True" result="Success" executed="True" />
                  <test-case description="Should accept custom config path" name="oh-my-stats Module.Show-SystemStats Function.Should accept custom config path" time="0.2144" asserts="0" success="True" result="Success" executed="True" />
                </results>
              </test-suite>
              <test-suite type="TestFixture" name="oh-my-stats Module.Configuration" executed="True" result="Success" success="True" time="4.2761" asserts="0" description="oh-my-stats Module.Configuration">
                <results>
                  <test-case description="Should load default config" name="oh-my-stats Module.Configuration.Should load default config" time="0.0183" asserts="0" success="True" result="Success" executed="True" />
                  <test-case description="Should keep the config version in step with the module manifest" name="oh-my-stats Module.Configuration.Should keep the config version in step with the module manifest" time="0.0233" asserts="0" success="True" result="Success" executed="True" />
                  <test-case description="Should have all required config sections" name="oh-my-stats Module.Configuration.Should have all required config sections" time="0.0246" asserts="0" success="True" result="Success" executed="True" />
                  <test-case description="Should validate icon hex codes" name="oh-my-stats Module.Configuration.Should validate icon hex codes" time="0.0171" asserts="0" success="True" result="Success" executed="True" />
                </results>
              </test-suite>
              <test-suite type="TestFixture" name="oh-my-stats Module.Cross-Platform Support" executed="True" result="Success" success="True" time="4.5079" asserts="0" description="oh-my-stats Module.Cross-Platform Support">
                <results>
                  <test-case description="Should detect OS correctly" name="oh-my-stats Module.Cross-Platform Support.Should detect OS correctly" time="0.0239" asserts="0" success="True" result="Success" executed="True" />
                  <test-case description="Should work on current platform" name="oh-my-stats Module.Cross-Platform Support.Should work on current platform" time="0.2018" asserts="0" success="True" result="Success" executed="True" />
                </results>
              </test-suite>
              <test-suite type="TestFixture" name="oh-my-stats Module.Error Handling - WMI/CIM Failures" executed="True" result="Success" success="True" time="5.3515" asserts="0" description="oh-my-stats Module.Error Handling - WMI/CIM Failures">
                <results>
                  <test-case description="Should handle Win32_OperatingSystem query failure gracefully" name="oh-my-stats Module.Error Handling - WMI/CIM Failures.Should handle Win32_OperatingSystem query failure gracefully" time="0.2187" asserts="0" success="True" result="Success" executed="True" />
                  <test-case description="Should handle Win32_Processor query failure gracefully" name="oh-my-stats Module.Error Handling - WMI/CIM Failures.Should handle Win32_Processor query failure gracefully" time="0.183" asserts="0" success="True" result="Success" executed="True" />
                  <test-case description="Should use fallback when Win32_PhysicalMemory fails" name="oh-my-stats Module.Error Handling - WMI/CIM Failures.Should use fallback when Win32_PhysicalMemory fails" time="0.2125" asserts="0" success="True" result="Success" executed="True" />
                  <test-case description="Should handle CPU LoadPercentage = 0 by trying Get-Counter" name="oh-my-stats Module.Error Handling - WMI/CIM Failures.Should handle CPU LoadPercentage = 0 by trying Get-Counter" time="0.2223" asserts="0" success="True" result="Success" executed="True" />
                </results>
              </test-suite>
              <test-suite type="TestFixture" name="oh-my-stats Module.Error Handling - Registry Access" executed="True" result="Success" success="True" time="5.5446" asserts="0" description="oh-my-stats Module.Error Handling - Registry Access">
                <results>
                  <test-case description="Should handle registry access denial gracefully" name="oh-my-stats Module.Error Handling - Registry Access.Should handle registry access denial gracefully" time="0.1878" asserts="0" success="True" result="Success" executed="True" />
                </results>
              </test-suite>
              <test-suite type="TestFixture" name="oh-my-stats Module.Error Handling - Disk Access" executed="True" result="Success" success="True" time="5.7331" asserts="0" description="oh-my-stats Module.Error Handling - Disk Access">
                <results>
                  <test-case description="Should handle C: drive inaccessible" name="oh-my-stats Module.Error Handling - Disk Access.Should handle C: drive inaccessible" time="0.183" asserts="0" success="True" result="Success" executed="True" />
                </results>
              </test-suite>
              <test-suite type="TestFixture" name="oh-my-stats Module.Error Handling - Performance Counters" executed="True" result="Success" success="True" time="6.0206" asserts="0" description="oh-my-stats Module.Error Handling - Performance Counters">
                <results>
                  <test-case description="Should handle Get-Counter failure gracefully" name="oh-my-stats Module.Error Handling - Performance Counters.Should handle Get-Counter failure gracefully" time="0.2816" asserts="0" success="True" result="Success" executed="True" />
                </results>
              </test-suite>
              <test-suite type="TestFixture" name="oh-my-stats Module.Error Handling - Process Enumeration" executed="True" result="Success" success="True" time="6.2215" asserts="0" description="oh-my-stats Module.Error Handling - Process Enumeration">
                <results>
                  <test-case description="Should handle Get-Process failure" name="oh-my-stats Module.Error Handling - Process Enumeration.Should handle Get-Process failure" time="0.1949" asserts="0" success="True" result="Success" executed="True" />
                </results>
              </test-suite>
              <test-suite type="TestFixture" name="oh-my-stats Module.Cache Functionality" executed="True" result="Success" success="True" time="7.753" asserts="0" description="oh-my-stats Module.Cache Functionality">
                <results>
                  <test-case description="Should create cache on first run" name="oh-my-stats Module.Cache Functionality.Should create cache on first run" time="0.2709" asserts="0" success="True" result="Success" executed="True" />
                  <test-case description="Should use cache on subsequent runs" name="oh-my-stats Module.Cache Functionality.Should use cache on subsequent runs" time="0.5177" asserts="0" success="True" result="Success" executed="True" />
                  <test-case description="Should refresh cache when -RefreshCache is used" name="oh-my-stats Module.Cache Functionality.Should refresh cache when -RefreshCache is used" time="0.5182" asserts="0" success="True" result="Success" executed="True" />
                  <test-case description="Should have valid cache JSON structure" name="oh-my-stats Module.Cache Functionality.Should have valid cache JSON structure" time="0.22" asserts="0" success="True" result="Success" executed="True" />
                </results>
              </test-suite>
            </results>
          </test-suite>
        </results>
      </test-suite>
      <test-suite type="TestFixture" name="C:\Users\zentala\code\oh-my-stats\tests\pwsh\performance.Tests.ps1" executed="True" result="Success" success="True" time="6.1161" asserts="0" description="C:\Users\zentala\code\oh-my-stats\tests\pwsh\performance.Tests.ps1">
        <results>
          <test-suite type="TestFixture" name="Cache primitives" executed="True" result="Success" success="True" time="0.2673" asserts="0" description="Cache primitives">
            <results>
              <test-suite type="TestFixture" name="Cache primitives.Test-CacheValid" executed="True" result="Success" success="True" time="0.1048" asserts="0" description="Cache primitives.Test-CacheValid">
                <results>
                  <test-case description="Should reject a cache file that does not exist" name="Cache primitives.Test-CacheValid.Should reject a cache file that does not exist" time="0.0305" asserts="0" success="True" result="Success" executed="True" />
                  <test-case description="Should accept a cache file written just now" name="Cache primitives.Test-CacheValid.Should accept a cache file written just now" time="0.0253" asserts="0" success="True" result="Success" executed="True" />
                  <test-case description="Should reject a cache file older than the 7 day TTL" name="Cache primitives.Test-CacheValid.Should reject a cache file older than the 7 day TTL" time="0.0236" asserts="0" success="True" result="Success" executed="True" />
                  <test-case description="Should accept a cache file just inside the 7 day TTL" name="Cache primitives.Test-CacheValid.Should accept a cache file just inside the 7 day TTL" time="0.0212" asserts="0" success="True" result="Success" executed="True" />
                </results>
              </test-suite>
              <test-suite type="TestFixture" name="Cache primitives.Get-SystemInfoCache" executed="True" result="Success" success="True" time="0.1739" asserts="0" description="Cache primitives.Get-SystemInfoCache">
                <results>
                  <test-case description="Should return nothing when no cache file exists" name="Cache primitives.Get-SystemInfoCache.Should return nothing when no cache file exists" time="0.0228" asserts="0" success="True" result="Success" executed="True" />
                  <test-case description="Should return nothing when the cache file holds invalid JSON" name="Cache primitives.Get-SystemInfoCache.Should return nothing when the cache file holds invalid JSON" time="0.0216" asserts="0" success="True" result="Success" executed="True" />
                  <test-case description="Should return nothing when the cache file is stale" name="Cache primitives.Get-SystemInfoCache.Should return nothing when the cache file is stale" time="0.0206" asserts="0" success="True" result="Success" executed="True" />
                </results>
              </test-suite>
              <test-suite type="TestFixture" name="Cache primitives.Save-SystemInfoCache" executed="True" result="Success" success="True" time="0.2632" asserts="0" description="Cache primitives.Save-SystemInfoCache">
                <results>
                  <test-case description="Should create the cache directory and file" name="Cache primitives.Save-SystemInfoCache.Should create the cache directory and file" time="0.0188" asserts="0" success="True" result="Success" executed="True" />
                  <test-case description="Should round-trip every static field" name="Cache primitives.Save-SystemInfoCache.Should round-trip every static field" time="0.0287" asserts="0" success="True" result="Success" executed="True" />
                  <test-case description="Should write valid JSON" name="Cache primitives.Save-SystemInfoCache.Should write valid JSON" time="0.037" asserts="0" success="True" result="Success" executed="True" />
                </results>
              </test-suite>
            </results>
          </test-suite>
          <test-suite type="TestFixture" name="Cache hit skips the static queries" executed="True" result="Success" success="True" time="1.5442" asserts="0" description="Cache hit skips the static queries">
            <results>
              <test-case description="Should not query RAM hardware on a warm cache" name="Cache hit skips the static queries.Should not query RAM hardware on a warm cache" time="0.4447" asserts="0" success="True" result="Success" executed="True" />
              <test-case description="Should not read the Windows version registry key on a warm cache" name="Cache hit skips the static queries.Should not read the Windows version registry key on a warm cache" time="0.1085" asserts="0" success="True" result="Success" executed="True" />
              <test-case description="Should query the CPU once on a warm cache (load only, not specs)" name="Cache hit skips the static queries.Should query the CPU once on a warm cache (load only, not specs)" time="0.0954" asserts="0" success="True" result="Success" executed="True" />
              <test-case description="Should query RAM hardware when the cache is cold" name="Cache hit skips the static queries.Should query RAM hardware when the cache is cold" time="0.1783" asserts="0" success="True" result="Success" executed="True" />
              <test-case description="Should read the Windows version registry key when the cache is cold" name="Cache hit skips the static queries.Should read the Windows version registry key when the cache is cold" time="0.1025" asserts="0" success="True" result="Success" executed="True" />
              <test-case description="Should query the CPU twice when the cache is cold (specs plus load)" name="Cache hit skips the static queries.Should query the CPU twice when the cache is cold (specs plus load)" time="0.1055" asserts="0" success="True" result="Success" executed="True" />
              <test-case description="Should re-query the static data when -RefreshCache is passed over a warm cache" name="Cache hit skips the static queries.Should re-query the static data when -RefreshCache is passed over a warm cache" time="0.1205" asserts="0" success="True" result="Success" executed="True" />
              <test-case description="Should still collect dynamic data on a warm cache" name="Cache hit skips the static queries.Should still collect dynamic data on a warm cache" time="0.1162" asserts="0" success="True" result="Success" executed="True" />
            </results>
          </test-suite>
          <test-suite type="TestFixture" name="Cache lifecycle through Show-SystemStats" executed="True" result="Success" success="True" time="5.1111" asserts="0" description="Cache lifecycle through Show-SystemStats">
            <results>
              <test-case description="Should write a cache file on a cold run" name="Cache lifecycle through Show-SystemStats.Should write a cache file on a cold run" time="0.1813" asserts="0" success="True" result="Success" executed="True" />
              <test-case description="Should store the CPU, RAM, disk and OS sections" name="Cache lifecycle through Show-SystemStats.Should store the CPU, RAM, disk and OS sections" time="0.1757" asserts="0" success="True" result="Success" executed="True" />
              <test-case description="Should leave the cache file untouched on a warm run" name="Cache lifecycle through Show-SystemStats.Should leave the cache file untouched on a warm run" time="1.3774" asserts="0" success="True" result="Success" executed="True" />
              <test-case description="Should rewrite the cache file when -RefreshCache is passed" name="Cache lifecycle through Show-SystemStats.Should rewrite the cache file when -RefreshCache is passed" time="1.4081" asserts="0" success="True" result="Success" executed="True" />
              <test-case description="Should rebuild the cache after a stale file is found" name="Cache lifecycle through Show-SystemStats.Should rebuild the cache after a stale file is found" time="0.2758" asserts="0" success="True" result="Success" executed="True" />
              <test-case description="Should survive a corrupt cache file" name="Cache lifecycle through Show-SystemStats.Should survive a corrupt cache file" time="0.1457" asserts="0" success="True" result="Success" executed="True" />
            </results>
          </test-suite>
          <test-suite type="TestFixture" name="Stopwatch" executed="True" result="Success" success="True" time="5.6672" asserts="0" description="Stopwatch">
            <results>
              <test-case description="Should serve a warm cache faster than it builds a cold one" name="Stopwatch.Should serve a warm cache faster than it builds a cold one" time="0.554" asserts="0" success="True" result="Success" executed="True" />
            </results>
          </test-suite>
          <test-suite type="TestFixture" name="The queries that cost the most never run" executed="True" result="Success" success="True" time="5.9469" asserts="0" description="The queries that cost the most never run">
            <results>
              <test-case description="Should never ask Win32_Processor for LoadPercentage" name="The queries that cost the most never run.Should never ask Win32_Processor for LoadPercentage" time="0.0959" asserts="0" success="True" result="Success" executed="True" />
              <test-case description="Should project properties on every CIM query" name="The queries that cost the most never run.Should project properties on every CIM query" time="0.0522" asserts="0" success="True" result="Success" executed="True" />
              <test-case description="Should enumerate processes exactly once" name="The queries that cost the most never run.Should enumerate processes exactly once" time="0.0413" asserts="0" success="True" result="Success" executed="True" />
              <test-case description="Should not touch Get-PSDrive" name="The queries that cost the most never run.Should not touch Get-PSDrive" time="0.0419" asserts="0" success="True" result="Success" executed="True" />
              <test-case description="Should report no CPU reading as $null, never as 0" name="The queries that cost the most never run.Should report no CPU reading as $null, never as 0" time="0.0465" asserts="0" success="True" result="Success" executed="True" />
            </results>
          </test-suite>
        </results>
      </test-suite>
      <test-suite type="TestFixture" name="C:\Users\zentala\code\oh-my-stats\tests\pwsh\windows-detection.Tests.ps1" executed="True" result="Success" success="True" time="0.1971" asserts="0" description="C:\Users\zentala\code\oh-my-stats\tests\pwsh\windows-detection.Tests.ps1">
        <results>
          <test-suite type="TestFixture" name="Windows Version Edge Cases" executed="True" result="Success" success="True" time="0.0973" asserts="0" description="Windows Version Edge Cases">
            <results>
              <test-suite type="TestFixture" name="Windows Version Edge Cases.Build Number Boundaries" executed="True" result="Success" success="True" time="0.0427" asserts="0" description="Windows Version Edge Cases.Build Number Boundaries">
                <results>
                  <test-case description="Should detect Windows 11 for build 22000" name="Windows Version Edge Cases.Build Number Boundaries.Should detect Windows 11 for build 22000" time="0.0118" asserts="0" success="True" result="Success" executed="True" />
                  <test-case description="Should detect Windows 10 for build 19999" name="Windows Version Edge Cases.Build Number Boundaries.Should detect Windows 10 for build 19999" time="0.0121" asserts="0" success="True" result="Success" executed="True" />
                  <test-case description="Should detect Windows 11 for build 22631 (23H2)" name="Windows Version Edge Cases.Build Number Boundaries.Should detect Windows 11 for build 22631 (23H2)" time="0.0092" asserts="0" success="True" result="Success" executed="True" />
                  <test-case description="Should detect Windows 11 for build 22621 (22H2)" name="Windows Version Edge Cases.Build Number Boundaries.Should detect Windows 11 for build 22621 (22H2)" time="0.0078" asserts="0" success="True" result="Success" executed="True" />
                </results>
              </test-suite>
              <test-suite type="TestFixture" name="Windows Version Edge Cases.DisplayVersion Fallback" executed="True" result="Success" success="True" time="0.0626" asserts="0" description="Windows Version Edge Cases.DisplayVersion Fallback">
                <results>
                  <test-case description="Should use DisplayVersion when provided" name="Windows Version Edge Cases.DisplayVersion Fallback.Should use DisplayVersion when provided" time="0.0087" asserts="0" success="True" result="Success" executed="True" />
                  <test-case description="Should fallback to build-based detection when DisplayVersion empty" name="Windows Version Edge Cases.DisplayVersion Fallback.Should fallback to build-based detection when DisplayVersion empty" time="0.0017" asserts="0" success="True" result="Success" executed="True" />
                  <test-case description="Should detect Legacy for old builds" name="Windows Version Edge Cases.DisplayVersion Fallback.Should detect Legacy for old builds" time="0.0077" asserts="0" success="True" result="Success" executed="True" />
                </results>
              </test-suite>
              <test-suite type="TestFixture" name="Windows Version Edge Cases.Edition Matching" executed="True" result="Success" success="True" time="0.0956" asserts="0" description="Windows Version Edge Cases.Edition Matching">
                <results>
                  <test-case description="Should match Home edition" name="Windows Version Edge Cases.Edition Matching.Should match Home edition" time="0.008" asserts="0" success="True" result="Success" executed="True" />
                  <test-case description="Should match Pro edition" name="Windows Version Edge Cases.Edition Matching.Should match Pro edition" time="0.0082" asserts="0" success="True" result="Success" executed="True" />
                  <test-case description="Should match Enterprise edition" name="Windows Version Edge Cases.Edition Matching.Should match Enterprise edition" time="0.008" asserts="0" success="True" result="Success" executed="True" />
                  <test-case description="Should match Education edition" name="Windows Version Edge Cases.Edition Matching.Should match Education edition" time="0.0071" asserts="0" success="True" result="Success" executed="True" />
                </results>
              </test-suite>
            </results>
          </test-suite>
        </results>
      </test-suite>
    </results>
  </test-suite>
</test-results>